Assembler report for top
Fri Oct 26 11:00:08 2018
Quartus II 64-Bit Version 14.1.0 Build 186 12/03/2014 SJ Full Version


---------------------
; Table of Contents ;
---------------------
  1. Legal Notice
  2. Assembler Summary
  3. Assembler Settings
  4. Assembler Encrypted IP Cores Summary
  5. Assembler Generated Files
  6. Assembler Device Options: top.sof
  7. Assembler Messages



----------------
; Legal Notice ;
----------------
Copyright (C) 1991-2014 Altera Corporation. All rights reserved.
Your use of Altera Corporation's design tools, logic functions 
and other software and tools, and its AMPP partner logic 
functions, and any output files from any of the foregoing 
(including device programming or simulation files), and any 
associated documentation or information are expressly subject 
to the terms and conditions of the Altera Program License 
Subscription Agreement, the Altera Quartus II License Agreement,
the Altera MegaCore Function License Agreement, or other 
applicable license agreement, including, without limitation, 
that your use is for the sole purpose of programming logic 
devices manufactured by Altera and sold by Altera or its 
authorized distributors.  Please refer to the applicable 
agreement for further details.



+---------------------------------------------------------------+
; Assembler Summary                                             ;
+-----------------------+---------------------------------------+
; Assembler Status      ; Successful - Fri Oct 26 11:00:08 2018 ;
; Revision Name         ; top                                   ;
; Top-level Entity Name ; top                                   ;
; Family                ; Stratix IV                            ;
; Device                ; EP4SGX530KH40C2                       ;
+-----------------------+---------------------------------------+


+----------------------------------+
; Assembler Settings               ;
+--------+---------+---------------+
; Option ; Setting ; Default Value ;
+--------+---------+---------------+


+-------------------------------------------------------------+
; Assembler Encrypted IP Cores Summary                        ;
+--------+-------------------------------------+--------------+
; Vendor ; IP Core Name                        ; License Type ;
+--------+-------------------------------------+--------------+
; Altera ; Nios II Processor (6AF7 00A2)       ; Licensed     ;
; Altera ; "Triple Speed Ethernet" (6AF7 00BD) ; Licensed     ;
; Altera ; Signal Tap (6AF7 BCE1)              ; Licensed     ;
; Altera ; Signal Tap (6AF7 BCEC)              ; Licensed     ;
+--------+-------------------------------------+--------------+


+---------------------------+
; Assembler Generated Files ;
+---------------------------+
; File Name                 ;
+---------------------------+
; top.sof                   ;
+---------------------------+


+-----------------------------------+
; Assembler Device Options: top.sof ;
+----------------+------------------+
; Option         ; Setting          ;
+----------------+------------------+
; Device         ; EP4SGX530KH40C2  ;
; JTAG usercode  ; 0x154C0C4C       ;
; Checksum       ; 0x154C0C4C       ;
+----------------+------------------+


+--------------------+
; Assembler Messages ;
+--------------------+
Info: *******************************************************************
Info: Running Quartus II 64-Bit Assembler
    Info: Version 14.1.0 Build 186 12/03/2014 SJ Full Version
    Info: Processing started: Fri Oct 26 10:59:28 2018
Info: Command: quartus_asm --read_settings_files=off --write_settings_files=off top -c top
Info (115031): Writing out detailed assembly data for power analysis
Info (115030): Assembler is generating device programming files
Info: Quartus II 64-Bit Assembler was successful. 0 errors, 0 warnings
    Info: Peak virtual memory: 1797 megabytes
    Info: Processing ended: Fri Oct 26 11:00:09 2018
    Info: Elapsed time: 00:00:41
    Info: Total CPU time (on all processors): 00:00:41


